<?xml version="1.0" encoding="UTF-8"?>
<testng-results ignored="0" total="2" passed="2" failed="0" skipped="0">
  <reporter-output>
  </reporter-output>
  <suite started-at="2025-04-07T05:11:48 PDT" name="Suite" finished-at="2025-04-07T05:12:14 PDT" duration-ms="25915">
    <groups>
    </groups>
    <test started-at="2025-04-07T05:11:48 PDT" name="Test" finished-at="2025-04-07T05:12:14 PDT" duration-ms="25915">
      <class name="demo.OrangeHRM">
        <test-method is-config="true" signature="setup()[pri:0, instance:demo.OrangeHRM@36ebc363]" started-at="2025-04-07T05:11:48 PDT" name="setup" finished-at="2025-04-07T05:12:08 PDT" duration-ms="20022" status="PASS">
          <reporter-output>
          </reporter-output>
        </test-method> <!-- setup -->
        <test-method signature="loginOrangeHRM()[pri:1, instance:demo.OrangeHRM@36ebc363]" started-at="2025-04-07T05:12:08 PDT" name="loginOrangeHRM" finished-at="2025-04-07T05:12:10 PDT" duration-ms="2017" status="PASS">
          <reporter-output>
          </reporter-output>
        </test-method> <!-- loginOrangeHRM -->
        <test-method signature="logoutOrangeHRM()[pri:2, instance:demo.OrangeHRM@36ebc363]" started-at="2025-04-07T05:12:10 PDT" name="logoutOrangeHRM" finished-at="2025-04-07T05:12:13 PDT" duration-ms="3270" status="PASS">
          <reporter-output>
          </reporter-output>
        </test-method> <!-- logoutOrangeHRM -->
        <test-method is-config="true" signature="teardown()[pri:0, instance:demo.OrangeHRM@36ebc363]" started-at="2025-04-07T05:12:13 PDT" name="teardown" finished-at="2025-04-07T05:12:14 PDT" duration-ms="563" status="PASS">
          <reporter-output>
          </reporter-output>
        </test-method> <!-- teardown -->
      </class> <!-- demo.OrangeHRM -->
    </test> <!-- Test -->
  </suite> <!-- Suite -->
</testng-results>
